<?xml version="1.0" encoding="utf-8"?><testsuites name="pytest tests"><testsuite name="pytest" errors="0" failures="0" skipped="0" tests="16" time="5.094" timestamp="2026-04-02T08:34:56.977257+00:00" hostname="agent-env-18c0bd9f-e565-49fa-8a2c-0bf2f5cdf18e"><testcase classname="backend.tests.test_ripple_api.TestHealthAndAuth" name="test_login_success" time="0.394" /><testcase classname="backend.tests.test_ripple_api.TestHealthAndAuth" name="test_login_invalid_credentials" time="0.096" /><testcase classname="backend.tests.test_ripple_api.TestHealthAndAuth" name="test_get_me_without_auth" time="0.103" /><testcase classname="backend.tests.test_ripple_api.TestCharities" name="test_get_all_charities" time="0.112" /><testcase classname="backend.tests.test_ripple_api.TestCharities" name="test_get_featured_charities" time="0.133" /><testcase classname="backend.tests.test_ripple_api.TestCharities" name="test_get_single_charity" time="0.232" /><testcase classname="backend.tests.test_ripple_api.TestCharities" name="test_get_nonexistent_charity" time="0.110" /><testcase classname="backend.tests.test_ripple_api.TestUserCharitySelection" name="test_select_charity" time="0.493" /><testcase classname="backend.tests.test_ripple_api.TestUserCharitySelection" name="test_select_nonexistent_charity" time="0.365" /><testcase classname="backend.tests.test_ripple_api.TestUserCharitySelection" name="test_select_charity_without_auth" time="0.094" /><testcase classname="backend.tests.test_ripple_api.TestUserProfile" name="test_get_user_profile" time="0.383" /><testcase classname="backend.tests.test_ripple_api.TestUserProfile" name="test_update_contribution_percentage" time="0.484" /><testcase classname="backend.tests.test_ripple_api.TestUserProfile" name="test_invalid_contribution_percentage" time="0.380" /><testcase classname="backend.tests.test_ripple_api.TestSubscription" name="test_get_subscription_status" time="0.373" /><testcase classname="backend.tests.test_ripple_api.TestSubscription" name="test_create_checkout_session" time="0.891" /><testcase classname="backend.tests.test_ripple_api.TestScores" name="test_get_scores" time="0.369" /></testsuite></testsuites>